<?xml version="1.0" encoding="UTF-8"?>
<!-- Generated by org.testng.reporters.JUnitReportReporter -->
<testsuite hostname="MSI" name="com.trip.tests.TripMainPageTest" tests="1" failures="0" timestamp="20 Oct 2019 06:10:18 GMT" time="15.881" errors="0">
  <testcase name="searchFlightTest" time="15.881" classname="com.trip.tests.TripMainPageTest"/>
</testsuite> <!-- com.trip.tests.TripMainPageTest -->
